<?xml version="1.0" encoding="UTF-8" ?>
<testsuite errors="0" failures="0" hostname="PC-201611261641" name="calculator.DivisionTest" skipped="0" tests="3" time="0.071" timestamp="2019-06-02T07:32:06">
  <properties>
    <property name="libs.jsp-compiler.javadoc" value="" />
    <property name="netbeans.autoupdate.country" value="US" />
    <property name="nb.wait.for.caches" value="true" />
    <property name="javac.test.classpath" value=":build/classes:C:\java\NetBeans8\platform\modules\ext\junit-4.12.jar:C:\java\NetBeans8\platform\modules\ext\hamcrest-core-1.3.jar" />
    <property name="libs.jsf20.maven-pom" value="" />
    <property name="libs.spring-webmvc4.0.src" value="" />
    <property name="ant.core.lib" value="C:\java\NetBeans8\extide\ant\lib\ant.jar" />
    <property name="javadoc.windowtitle" value="" />
    <property name="libs.jsp-compilation.javadoc" value="" />
    <property name="user.dir" value="E:\java\NetBeansProjects\MyCalculation" />
    <property name="libs.javaee-api-7.0.src" value="" />
    <property name="java.vm.version" value="25.74-b02" />
    <property name="libs.MySQLDriver.classpath" value="C:\java\NetBeans8\ide\modules\ext\mysql-connector-java-5.1.23-bin.jar" />
    <property name="libs.eclipselinkmodelgen.src" value="" />
    <property name="javadoc.notree" value="false" />
    <property name="netbeans.autoupdate.version" value="1.23" />
    <property name="libs.EclipseLink-GlassFish-v3.classpath" value="C:\java\WebServer\glassfish5\glassfish\modules\org.eclipse.persistence.antlr.jar;C:\java\WebServer\glassfish5\glassfish\modules\org.eclipse.persistence.asm.jar;C:\java\WebServer\glassfish5\glassfish\modules\org.eclipse.persistence.core.jar;C:\java\WebServer\glassfish5\glassfish\modules\org.eclipse.persistence.dbws.jar;C:\java\WebServer\glassfish5\glassfish\modules\org.eclipse.persistence.jpa.jar;C:\java\WebServer\glassfish5\glassfish\modules\org.eclipse.persistence.jpa.jpql.jar;C:\java\WebServer\glassfish5\glassfish\modules\org.eclipse.persistence.jpa.modelgen.processor.jar;C:\java\WebServer\glassfish5\glassfish\modules\org.eclipse.persistence.moxy.jar;C:\java\WebServer\glassfish5\glassfish\modules\org.eclipse.persistence.oracle.jar;C:\java\WebServer\glassfish5\glassfish\modules\javax.persistence.jar" />
    <property name="libs.javaee-web-api-6.0.classpath" value="C:\java\NetBeans8\enterprise\modules\ext\javaee-web-api-6.0.jar" />
    <property name="libs.Java-EE-GlassFish-v3-Prelude.javadoc" value="C:\java\NetBeans8\enterprise\docs\javaee-doc-api.jar" />
    <property name="ant.file.MyCalculation" value="E:\java\NetBeansProjects\MyCalculation\build.xml" />
    <property name="javac.profile.cmd.line.arg" value="" />
    <property name="jdk.home" value="C:\java\jdk1.8.0_74" />
    <property name="libs.javac-api.src" value="" />
    <property name="javadoc.noindex" value="false" />
    <property name="libs.jpa2-persistence.classpath" value="C:\java\NetBeans8\java\modules\ext\hibernate4\hibernate-jpa-2.1-api-1.0.0.Final.jar" />
    <property name="sun.os.patch.level" value="Service Pack 1" />
    <property name="libs.Java-EE-GlassFish-v3-Prelude.src" value="" />
    <property name="do.archive+manifest.available" value="true" />
    <property name="java.vm.specification.name" value="Java Virtual Machine Specification" />
    <property name="nb.show.statistics.ui" value="usageStatisticsEnabled" />
    <property name="netbeans.autoupdate.variant" value="" />
    <property name="have.tests" value="true" />
    <property name="org.xml.sax.driver" value="com.sun.org.apache.xerces.internal.jaxp.SAXParserImpl$JAXPSAXParser" />
    <property name="libs.hamcrest.classpath" value="C:\java\NetBeans8\platform\modules\ext\hamcrest-core-1.3.jar" />
    <property name="libs.javac-api.javadoc" value="" />
    <property name="os.name" value="Windows 7" />
    <property name="libs.beans-binding.classpath" value="C:\java\NetBeans8\java\modules\ext\beansbinding-1.2.1.jar" />
    <property name="libs.javaee-endorsed-api-7.0.maven-pom" value="" />
    <property name="ap.proc.none.internal" value="" />
    <property name="libs.restapi.javadoc" value="" />
    <property name="libs.JWSAntTasks.maven-pom" value="" />
    <property name="libs.jstl.classpath" value="C:\java\NetBeans8\enterprise\modules\ext\jstl-impl.jar;C:\java\NetBeans8\enterprise\modules\ext\jstl-api.jar" />
    <property name="libs.testng.src" value="" />
    <property name="libs.spring-webmvc3.0.src" value="" />
    <property name="libs.restapi.classpath" value="C:\java\NetBeans8\enterprise\modules\ext\jaxrs-2.0\javax.ws.rs-api-2.0.jar" />
    <property name="java.vendor.url.bug" value="http://bugreport.sun.com/bugreport/" />
    <property name="libs.jaxb.maven-pom" value="" />
    <property name="os.arch" value="amd64" />
    <property name="libs.eclipselink.src" value="" />
    <property name="user.name" value="Administrator" />
    <property name="libs.jsf12.javadoc" value="C:\java\NetBeans8\enterprise\docs\javaee-doc-api.jar" />
    <property name="libs.Comet-GlassFish-v3.javadoc" value="" />
    <property name="copylibs.rebase" value="true" />
    <property name="libs.spring-webmvc3.0.maven-pom" value="" />
    <property name="libs.swing-layout.maven-pom" value="" />
    <property name="sun.java.command" value="org.apache.tools.ant.taskdefs.optional.junit.JUnitTestRunner calculator.DivisionTest skipNonTests=false filtertrace=true haltOnError=false haltOnFailure=false showoutput=true outputtoformatters=true logfailedtests=true threadid=0 logtestlistenerevents=true formatter=org.apache.tools.ant.taskdefs.optional.junit.BriefJUnitResultFormatter formatter=org.apache.tools.ant.taskdefs.optional.junit.XMLJUnitResultFormatter,E:\java\NetBeansProjects\MyCalculation\build\test\results\TEST-calculator.DivisionTest.xml crashfile=E:\java\NetBeansProjects\MyCalculation\build\junitvmwatcher5628316317012040513.properties propsfile=E:\java\NetBeansProjects\MyCalculation\build\junit283378943933940173.properties" />
    <property name="build.classes.dir" value="build/classes" />
    <property name="netbeans.accept_license_class" value="org.netbeans.license.AcceptLicense" />
    <property name="build.sysclasspath" value="ignore" />
    <property name="manifest.encoding" value="UTF-8" />
    <property name="ap.supported.internal" value="true" />
    <property name="java.failonerror" value="true" />
    <property name="libs.javaee-endorsed-api-7.0.javadoc" value="C:\java\NetBeans8\enterprise\docs\javaee-doc-api.jar" />
    <property name="libs.jaxws21.javadoc" value="C:\java\NetBeans8\java\docs\jaxws-api-doc.zip" />
    <property name="libs.spring-webmvc4.0.javadoc" value="" />
    <property name="includes" value="calculator/**/*Test.java" />
    <property name="user.country" value="CN" />
    <property name="manifest.file" value="manifest.mf" />
    <property name="javadoc.encoding" value="UTF-8" />
    <property name="javac.classpath" value="" />
    <property name="libs.jsp-compilation-syscp.src" value="" />
    <property name="libs.JAVADB_DRIVER_LABEL.src" value="" />
    <property name="libs.spring-framework400.classpath" value="C:\java\NetBeans8\ide\modules\org-apache-commons-logging.jar;C:\java\NetBeans8\java\modules\ext\cglib-2.2.jar;C:\java\NetBeans8\java\modules\ext\spring-4\spring-aop-4.0.1.RELEASE.jar;C:\java\NetBeans8\java\modules\ext\spring-4\spring-aspects-4.0.1.RELEASE.jar;C:\java\NetBeans8\java\modules\ext\spring-4\spring-beans-4.0.1.RELEASE.jar;C:\java\NetBeans8\java\modules\ext\spring-4\spring-build-src-4.0.1.RELEASE.jar;C:\java\NetBeans8\java\modules\ext\spring-4\spring-context-4.0.1.RELEASE.jar;C:\java\NetBeans8\java\modules\ext\spring-4\spring-context-support-4.0.1.RELEASE.jar;C:\java\NetBeans8\java\modules\ext\spring-4\spring-core-4.0.1.RELEASE.jar;C:\java\NetBeans8\java\modules\ext\spring-4\spring-expression-4.0.1.RELEASE.jar;C:\java\NetBeans8\java\modules\ext\spring-4\spring-framework-bom-4.0.1.RELEASE.jar;C:\java\NetBeans8\java\modules\ext\spring-4\spring-instrument-4.0.1.RELEASE.jar;C:\java\NetBeans8\java\modules\ext\spring-4\spring-instrument-tomcat-4.0.1.RELEASE.jar;C:\java\NetBeans8\java\modules\ext\spring-4\spring-jdbc-4.0.1.RELEASE.jar;C:\java\NetBeans8\java\modules\ext\spring-4\spring-jms-4.0.1.RELEASE.jar;C:\java\NetBeans8\java\modules\ext\spring-4\spring-messaging-4.0.1.RELEASE.jar;C:\java\NetBeans8\java\modules\ext\spring-4\spring-orm-4.0.1.RELEASE.jar;C:\java\NetBeans8\java\modules\ext\spring-4\spring-oxm-4.0.1.RELEASE.jar;C:\java\NetBeans8\java\modules\ext\spring-4\spring-test-4.0.1.RELEASE.jar;C:\java\NetBeans8\java\modules\ext\spring-4\spring-tx-4.0.1.RELEASE.jar;C:\java\NetBeans8\java\modules\ext\spring-4\spring-web-4.0.1.RELEASE.jar;C:\java\NetBeans8\java\modules\ext\spring-4\spring-webmvc-4.0.1.RELEASE.jar;C:\java\NetBeans8\java\modules\ext\spring-4\spring-webmvc-portlet-4.0.1.RELEASE.jar;C:\java\NetBeans8\java\modules\ext\spring-4\spring-websocket-4.0.1.RELEASE.jar" />
    <property name="debug-transport" value="dt_shmem" />
    <property name="netbeans.home" value="C:\java\NetBeans8\platform" />
    <property name="build.compiler.emacs" value="true" />
    <property name="libs.javaee-web-api-6.0.src" value="" />
    <property name="libs.jsp-compilation-syscp.classpath" value="C:\java\NetBeans8\extide\ant\lib\ant.jar;C:\java\NetBeans8\enterprise\modules\ext\servlet3.1-jsp2.3-api.jar;C:\java\NetBeans8\enterprise\modules\ext\glassfish-jspparser-4.0.jar;C:\java\NetBeans8\enterprise\modules\ext\jstl-impl.jar;C:\java\NetBeans8\enterprise\modules\ext\jsf-2_2\javax.faces.jar" />
    <property name="java.endorsed.dirs" value="C:\java\jdk1.8.0_74\jre\lib\endorsed" />
    <property name="libs.Comet-GlassFish-v3.maven-pom" value="" />
    <property name="netbeans.dynamic.classpath" value="C:\java\NetBeans8\platform\core\asm-all-5.0.1.jar;C:\java\NetBeans8\platform\core\core-base.jar;C:\java\NetBeans8\platform\core\core.jar;C:\java\NetBeans8\platform\core\org-netbeans-libs-asm.jar;C:\java\NetBeans8\platform\core\org-openide-filesystems-compat8.jar;C:\java\NetBeans8\platform\core\org-openide-filesystems.jar;C:\java\NetBeans8\platform\core\locale\core-base_ja.jar;C:\java\NetBeans8\platform\core\locale\core-base_pt_BR.jar;C:\java\NetBeans8\platform\core\locale\core-base_ru.jar;C:\java\NetBeans8\platform\core\locale\core-base_zh_CN.jar;C:\java\NetBeans8\platform\core\locale\core_ja.jar;C:\java\NetBeans8\platform\core\locale\core_pt_BR.jar;C:\java\NetBeans8\platform\core\locale\core_ru.jar;C:\java\NetBeans8\platform\core\locale\core_zh_CN.jar;C:\java\NetBeans8\platform\core\locale\org-netbeans-libs-asm_ja.jar;C:\java\NetBeans8\platform\core\locale\org-netbeans-libs-asm_pt_BR.jar;C:\java\NetBeans8\platform\core\locale\org-netbeans-libs-asm_ru.jar;C:\java\NetBeans8\platform\core\locale\org-netbeans-libs-asm_zh_CN.jar;C:\java\NetBeans8\platform\core\locale\org-openide-filesystems-compat8_ja.jar;C:\java\NetBeans8\platform\core\locale\org-openide-filesystems-compat8_pt_BR.jar;C:\java\NetBeans8\platform\core\locale\org-openide-filesystems-compat8_ru.jar;C:\java\NetBeans8\platform\core\locale\org-openide-filesystems-compat8_zh_CN.jar;C:\java\NetBeans8\platform\core\locale\org-openide-filesystems_ja.jar;C:\java\NetBeans8\platform\core\locale\org-openide-filesystems_pt_BR.jar;C:\java\NetBeans8\platform\core\locale\org-openide-filesystems_ru.jar;C:\java\NetBeans8\platform\core\locale\org-openide-filesystems_zh_CN.jar;C:\java\NetBeans8\nb\core\org-netbeans-upgrader.jar;C:\java\NetBeans8\nb\core\locale\core_nb.jar;C:\java\NetBeans8\nb\core\locale\core_nb_ja.jar;C:\java\NetBeans8\nb\core\locale\core_nb_pt_BR.jar;C:\java\NetBeans8\nb\core\locale\core_nb_ru.jar;C:\java\NetBeans8\nb\core\locale\core_nb_zh_CN.jar;C:\java\NetBeans8\nb\core\locale\org-netbeans-upgrader_ja.jar;C:\java\NetBeans8\nb\core\locale\org-netbeans-upgrader_pt_BR.jar;C:\java\NetBeans8\nb\core\locale\org-netbeans-upgrader_ru.jar;C:\java\NetBeans8\nb\core\locale\org-netbeans-upgrader_zh_CN.jar" />
    <property name="java.vm.specification.version" value="1.8" />
    <property name="libs.hibernate4-support.src" value="" />
    <property name="libs.primefaces.classpath" value="C:\java\NetBeans8\enterprise\modules\ext\primefaces\primefaces-5.0.jar" />
    <property name="libs.javaee-api-6.0.classpath" value="C:\java\NetBeans8\enterprise\modules\ext\javaee-api-6.0.jar" />
    <property name="netbeans.productversion" value="NetBeans IDE 8.2 (Build 201609300101)" />
    <property name="libs.jaxws21.src" value="" />
    <property name="do.archive" value="true" />
    <property name="netbeans.autoupdate.language" value="en" />
    <property name="java.vendor" value="Oracle Corporation" />
    <property name="libs.javaee-api-6.0.javadoc" value="C:\java\NetBeans8\enterprise\docs\javaee-doc-api.jar" />
    <property name="jar.index.metainf" value="false" />
    <property name="javac.debug" value="true" />
    <property name="javadoc.splitindex" value="true" />
    <property name="file.separator" value="\" />
    <property name="libs.Java-EE-GlassFish-v3-Prelude.maven-pom" value="" />
    <property name="ant.file.MyCalculation-impl" value="E:\java\NetBeansProjects\MyCalculation\nbproject\build-impl.xml" />
    <property name="libs.junit_4.maven-pom" value="" />
    <property name="mkdist.disabled" value="false" />
    <property name="javac.test.processorpath" value=":build/classes:C:\java\NetBeans8\platform\modules\ext\junit-4.12.jar:C:\java\NetBeans8\platform\modules\ext\hamcrest-core-1.3.jar" />
    <property name="netbeans.buildnumber" value="201609300101" />
    <property name="libs.JWSAntTasks.javadoc" value="" />
    <property name="build.generated.sources.dir" value="build/generated-sources" />
    <property name="user.variant" value="" />
    <property name="libs.eclipselinkmodelgen.classpath" value="C:\java\NetBeans8\java\modules\ext\eclipselink\org.eclipse.persistence.jpa.modelgen_2.5.2.v20140319-9ad6abd.jar" />
    <property name="libs.javaee-endorsed-api-7.0.src" value="" />
    <property name="sun.java.launcher" value="SUN_STANDARD" />
    <property name="libs.hibernate4-persistencemodelgen.javadoc" value="" />
    <property name="libs.jaxb.javadoc" value="C:\java\NetBeans8\ide\docs\jaxb-api-doc.zip" />
    <property name="libs.struts.classpath" value="C:\java\NetBeans8\enterprise\modules\ext\struts\antlr-2.7.2.jar;C:\java\NetBeans8\enterprise\modules\ext\struts\bsf-2.3.0.jar;C:\java\NetBeans8\enterprise\modules\ext\struts\commons-beanutils-1.8.0.jar;C:\java\NetBeans8\enterprise\modules\ext\struts\commons-chain-1.2.jar;C:\java\NetBeans8\enterprise\modules\ext\struts\commons-digester-1.8.jar;C:\java\NetBeans8\enterprise\modules\ext\struts\commons-fileupload-1.1.1.jar;C:\java\NetBeans8\enterprise\modules\ext\struts\commons-io-1.1.jar;C:\java\NetBeans8\enterprise\modules\ext\struts\commons-logging-1.0.4.jar;C:\java\NetBeans8\enterprise\modules\ext\struts\commons-validator-1.3.1.jar;C:\java\NetBeans8\enterprise\modules\ext\struts\jstl-1.0.2.jar;C:\java\NetBeans8\enterprise\modules\ext\struts\oro-2.0.8.jar;C:\java\NetBeans8\enterprise\modules\ext\struts\standard-1.0.6.jar;C:\java\NetBeans8\enterprise\modules\ext\struts\struts-core-1.3.10.jar;C:\java\NetBeans8\enterprise\modules\ext\struts\struts-el-1.3.10.jar;C:\java\NetBeans8\enterprise\modules\ext\struts\struts-extras-1.3.10.jar;C:\java\NetBeans8\enterprise\modules\ext\struts\struts-faces-1.3.10.jar;C:\java\NetBeans8\enterprise\modules\ext\struts\struts-mailreader-dao-1.3.10.jar;C:\java\NetBeans8\enterprise\modules\ext\struts\struts-scripting-1.3.10.jar;C:\java\NetBeans8\enterprise\modules\ext\struts\struts-taglib-1.3.10.jar;C:\java\NetBeans8\enterprise\modules\ext\struts\struts-tiles-1.3.10.jar" />
    <property name="ant.home" value="C:\java\NetBeans8\extide\ant" />
    <property name="libs.junit_4.src" value="C:\java\NetBeans8\platform\docs\junit-4.12-sources.jar" />
    <property name="libs.testng.classpath" value="C:\java\NetBeans8\platform\modules\ext\testng-6.8.1-dist.jar" />
    <property name="libs.absolutelayout.maven-pom" value="" />
    <property name="ant.java.version" value="1.8" />
    <property name="java.library.path" value="C:\java\jdk1.8.0_74\jre\bin;C:\Windows\Sun\Java\bin;C:\Windows\system32;C:\Windows;C:\Python35\Scripts\;C:\Python35\;C:\Windows\system32;C:\Windows;C:\Windows\System32\Wbem;C:\Windows\System32\WindowsPowerShell\v1.0\;C:\java\jdk1.8.0_74\bin;C:\Program Files (x86)\Borland\Delphi6\Bin;C:\Program Files (x86)\Borland\Delphi6\Projects\Bpl;C:\Program Files (x86)\Embarcadero\Studio\14.0\bin;C:\Users\Public\Documents\Embarcadero\Studio\14.0\Bpl;C:\Program Files\Anaconda3;C:\Program Files\Anaconda3\Scripts;C:\Program Files\Anaconda3\Library\bin;c:\sybase\OCS-12_0\dll;c:\sybase\OCS-12_0\bin;C:\MinGW\bin;C:\Program Files\Git\cmd;C:\Program Files\dotnet\;C:\Program Files\Microsoft SQL Server\130\Tools\Binn\;C:\Program Files\Microsoft SQL Server\110\Tools\Binn\;;C:\Program Files\Microsoft VS Code\bin;." />
    <property name="javadoc.author" value="false" />
    <property name="libs.metro.maven-pom" value="" />
    <property name="libs.EclipseLink-GlassFish-v3.src" value="" />
    <property name="java.util.logging.config.class" value="org.netbeans.core.startup.TopLogging" />
    <property name="libs.spring-framework400.src" value="" />
    <property name="libs.PostgreSQLDriver.src" value="" />
    <property name="sun.arch.data.model" value="64" />
    <property name="basedir" value="E:\java\NetBeansProjects\MyCalculation" />
    <property name="libs.jpa20-persistence.maven-pom" value="" />
    <property name="jar.compress" value="false" />
    <property name="libs.javaee-web-api-7.0.classpath" value="C:\java\NetBeans8\enterprise\modules\ext\javaee-web-api-7.0.jar" />
    <property name="path.separator" value=";" />
    <property name="libs.javaee-web-api-6.0.javadoc" value="C:\java\NetBeans8\enterprise\docs\javaee-doc-api.jar" />
    <property name="ant.junit.enabletestlistenerevents" value="true" />
    <property name="sun.io.unicode.encoding" value="UnicodeLittle" />
    <property name="libs.jaxws21.classpath" value="C:\java\NetBeans8\ide\modules\ext\jaxb\jaxb-impl.jar;C:\java\NetBeans8\ide\modules\ext\jaxb\jaxb-xjc.jar;C:\java\NetBeans8\java\modules\ext\jaxws22\FastInfoset.jar;C:\java\NetBeans8\java\modules\ext\jaxws22\gmbal-api-only.jar;C:\java\NetBeans8\java\modules\ext\jaxws22\ha-api.jar;C:\java\NetBeans8\java\modules\ext\jaxws22\javax.mail_1.4.jar;C:\java\NetBeans8\java\modules\ext\jaxws22\jaxws-rt.jar;C:\java\NetBeans8\java\modules\ext\jaxws22\jaxws-tools.jar;C:\java\NetBeans8\java\modules\ext\jaxws22\management-api.jar;C:\java\NetBeans8\java\modules\ext\jaxws22\mimepull.jar;C:\java\NetBeans8\java\modules\ext\jaxws22\policy.jar;C:\java\NetBeans8\java\modules\ext\jaxws22\saaj-impl.jar;C:\java\NetBeans8\java\modules\ext\jaxws22\stax-ex.jar;C:\java\NetBeans8\java\modules\ext\jaxws22\stax2-api.jar;C:\java\NetBeans8\java\modules\ext\jaxws22\streambuffer.jar;C:\java\NetBeans8\java\modules\ext\jaxws22\woodstox-core-asl.jar;C:\java\NetBeans8\java\modules\ext\jaxws22\api\jaxws-api.jar;C:\java\NetBeans8\java\modules\ext\jaxws22\api\jsr181-api.jar;C:\java\NetBeans8\java\modules\ext\jaxws22\api\javax.annotation.jar;C:\java\NetBeans8\java\modules\ext\jaxws22\api\saaj-api.jar;C:\java\NetBeans8\ide\modules\ext\jaxb\activation.jar;C:\java\NetBeans8\ide\modules\ext\jaxb\api\jaxb-api.jar;C:\java\NetBeans8\ide\modules\ext\jaxb\api\jsr173_1.0_api.jar" />
    <property name="libs.struts.src" value="" />
    <property name="compile.on.save" value="true" />
    <property name="apple.awt.graphics.UseQuartz" value="true" />
    <property name="user.language" value="zh" />
    <property name="testng.mode" value="testng" />
    <property name="libs.JAXB-ENDORSED.maven-pom" value="" />
    <property name="libs.eclipselink.maven-pom" value="" />
    <property name="test.binaryincludes" value="&lt;nothing&gt;" />
    <property name="manifest.available" value="true" />
    <property name="libs.primefaces.javadoc" value="" />
    <property name="libs.spring-framework300.maven-pom" value="" />
    <property name="run.test.classpath" value=":build/classes:C:\java\NetBeans8\platform\modules\ext\junit-4.12.jar:C:\java\NetBeans8\platform\modules\ext\hamcrest-core-1.3.jar:build/test/classes" />
    <property name="ant.project.invoked-targets" value="test" />
    <property name="test.binaryexcludes" value="" />
    <property name="libs.swing-layout.javadoc" value="C:\java\NetBeans8\platform\docs\swing-layout-1.0.4-doc.zip" />
    <property name="sun.java2d.dpiaware" value="true" />
    <property name="libs.hibernate4-persistence.maven-pom" value="" />
    <property name="https.nonProxyHosts" value="localhost|127.0.0.1|PC-201611261641" />
    <property name="libs.PostgreSQLDriver.maven-pom" value="" />
    <property name="java.class.version" value="52.0" />
    <property name="ant.file.type.MyCalculation-impl" value="file" />
    <property name="libs.JAVADB_DRIVER_LABEL.classpath" value="C:\java\jdk1.8.0_74\db\lib\derby.jar;C:\java\jdk1.8.0_74\db\lib\derbyclient.jar;C:\java\jdk1.8.0_74\db\lib\derbynet.jar" />
    <property name="libs.hibernate4-persistencemodelgen.maven-pom" value="" />
    <property name="libs.javaee-endorsed-api-6.0.src" value="" />
    <property name="libs.eclipselink.javadoc" value="C:\java\NetBeans8\java\modules\ext\docs\javax.persistence-2.1.0-doc.zip" />
    <property name="libs.jsp-compilation.maven-pom" value="" />
    <property name="user.properties.file" value="C:\Users\Administrator\AppData\Roaming\NetBeans\8.2\build.properties" />
    <property name="runtime.encoding" value="UTF-8" />
    <property name="libs.javac-api.maven-pom" value="" />
    <property name="file.encoding.pkg" value="sun.io" />
    <property name="sun.cpu.endian" value="little" />
    <property name="libs.JAXB-ENDORSED.javadoc" value="" />
    <property name="libs.JWSAntTasks.classpath" value="C:\java\NetBeans8\java\ant\extra\org-netbeans-modules-javawebstart-anttasks.jar" />
    <property name="libs.spring-webmvc4.0.maven-pom" value="" />
    <property name="libs.spring-framework300.src" value="" />
    <property name="libs.jstl.src" value="" />
    <property name="empty.dir" value="E:\java\NetBeansProjects\MyCalculation\build\empty" />
    <property name="version-output" value="java version &quot;1.8" />
    <property name="test.binarytestincludes" value="" />
    <property name="libs.hibernate4-persistencemodelgen.src" value="" />
    <property name="javadoc.preview" value="true" />
    <property name="libs.jpa20-persistence.javadoc" value="C:\java\NetBeans8\java\modules\ext\docs\javax.persistence-2.1.0-doc.zip" />
    <property name="java.home" value="C:\java\jdk1.8.0_74\jre" />
    <property name="libs.jsp-compilation.src" value="" />
    <property name="debug.test.classpath" value=":build/classes:C:\java\NetBeans8\platform\modules\ext\junit-4.12.jar:C:\java\NetBeans8\platform\modules\ext\hamcrest-core-1.3.jar:build/test/classes" />
    <property name="libs.javaee-endorsed-api-6.0.classpath" value="C:\java\NetBeans8\enterprise\modules\ext\javaee6-endorsed\javax.annotation.jar;C:\java\NetBeans8\enterprise\modules\ext\javaee6-endorsed\jaxb-api-osgi.jar;C:\java\NetBeans8\enterprise\modules\ext\javaee6-endorsed\webservices-api-osgi.jar" />
    <property name="libs.javaee-api-6.0.src" value="" />
    <property name="netbeans.importclass" value="org.netbeans.upgrade.AutoUpgrade" />
    <property name="ant.project.default-target" value="default" />
    <property name="annotation.processing.run.all.processors" value="true" />
    <property name="libs.PostgreSQLDriver.javadoc" value="" />
    <property name="libs.restlib.classpath" value="C:\java\NetBeans8\enterprise\modules\ext\jersey2\ext\asm-all-repackaged-2.2.0-b21.jar;C:\java\NetBeans8\enterprise\modules\ext\jersey2\ext\cglib-2.2.0-b21.jar;C:\java\NetBeans8\enterprise\modules\ext\jersey2\ext\guava-14.0.1.jar;C:\java\NetBeans8\enterprise\modules\ext\jersey2\ext\hk2-api-2.2.0-b21.jar;C:\java\NetBeans8\enterprise\modules\ext\jersey2\ext\hk2-locator-2.2.0-b21.jar;C:\java\NetBeans8\enterprise\modules\ext\jersey2\ext\hk2-utils-2.2.0-b21.jar;C:\java\NetBeans8\enterprise\modules\ext\jersey2\ext\javax.annotation-api-1.2.jar;C:\java\NetBeans8\enterprise\modules\ext\jersey2\ext\javax.inject-2.2.0-b21.jar;C:\java\NetBeans8\enterprise\modules\ext\jersey2\ext\javax.servlet-api-3.0.1.jar;C:\java\NetBeans8\enterprise\modules\ext\jersey2\ext\jaxb-api-2.2.7.jar;C:\java\NetBeans8\enterprise\modules\ext\jersey2\ext\jersey-entity-filtering-2.5.1.jar;C:\java\NetBeans8\enterprise\modules\ext\jersey2\ext\jersey-media-moxy-2.5.1.jar;C:\java\NetBeans8\enterprise\modules\ext\jersey2\ext\org.osgi.core-4.2.0.jar;C:\java\NetBeans8\enterprise\modules\ext\jersey2\ext\osgi-resource-locator-1.0.1.jar;C:\java\NetBeans8\enterprise\modules\ext\jersey2\ext\persistence-api-1.0.jar;C:\java\NetBeans8\enterprise\modules\ext\jersey2\ext\validation-api-1.1.0.Final.jar;C:\java\NetBeans8\enterprise\modules\ext\jersey2\jersey-client.jar;C:\java\NetBeans8\enterprise\modules\ext\jersey2\jersey-common.jar;C:\java\NetBeans8\enterprise\modules\ext\jersey2\jersey-container-servlet.jar;C:\java\NetBeans8\enterprise\modules\ext\jersey2\jersey-container-servlet-core.jar;C:\java\NetBeans8\enterprise\modules\ext\jersey2\jersey-server.jar;C:\java\NetBeans8\java\modules\ext\eclipselink\eclipselink.jar" />
    <property name="libs.MySQLDriver.maven-pom" value="" />
    <property name="libs.hibernate4-persistence.javadoc" value="C:\java\NetBeans8\java\modules\ext\docs\javax.persistence-2.1.0-doc.zip" />
    <property name="http.nonProxyHosts" value="localhost|127.0.0.1|PC-201611261641" />
    <property name="libs.junit_4.javadoc" value="C:\java\NetBeans8\platform\docs\junit-4.12-javadoc.jar" />
    <property name="libs.EclipseLink-GlassFish-v3.maven-pom" value="" />
    <property name="libs.javaee-web-api-6.0.maven-pom" value="" />
    <property name="run.classpath" value=":build/classes" />
    <property name="jna.boot.library.name" value="jnidispatch-422" />
    <property name="libs.javaee-endorsed-api-6.0.javadoc" value="C:\java\NetBeans8\enterprise\docs\javaee-doc-api.jar" />
    <property name="libs.javaee-api-7.0.classpath" value="C:\java\NetBeans8\enterprise\modules\ext\javaee-api-7.0.jar" />
    <property name="sun.awt.datatransfer.timeout" value="1000" />
    <property name="libs.spring-webmvc3.0.javadoc" value="" />
    <property name="libs.jpa2-persistence.maven-pom" value="" />
    <property name="annotation.processing.enabled.in.editor" value="false" />
    <property name="libs.hibernate4-support.classpath" value="C:\java\NetBeans8\java\modules\ext\hibernate4\antlr-2.7.7.jar;C:\java\NetBeans8\java\modules\ext\hibernate4\c3p0-0.9.2.1.jar;C:\java\NetBeans8\java\modules\ext\hibernate4\hibernate-c3p0-4.3.1.Final.jar;C:\java\NetBeans8\java\modules\ext\hibernate4\mchange-commons-java-0.2.3.4.jar;C:\java\NetBeans8\java\modules\ext\hibernate4\dom4j-1.6.1.jar;C:\java\NetBeans8\java\modules\ext\hibernate4\ehcache-core-2.4.3.jar;C:\java\NetBeans8\java\modules\ext\hibernate4\hibernate-ehcache-4.3.1.Final.jar;C:\java\NetBeans8\java\modules\ext\hibernate4\hibernate-core-4.3.1.Final.jar;C:\java\NetBeans8\java\modules\ext\hibernate4\jboss-logging-3.1.3.GA.jar;C:\java\NetBeans8\java\modules\ext\hibernate4\hibernate-commons-annotations-4.0.4.Final.jar;C:\java\NetBeans8\java\modules\ext\hibernate4\hibernate-entitymanager-4.3.1.Final.jar;C:\java\NetBeans8\java\modules\ext\hibernate4\javassist-3.18.1-GA.jar;C:\java\NetBeans8\java\modules\ext\hibernate4\jboss-transaction-api_1.2_spec-1.0.0.Final.jar;C:\java\NetBeans8\java\modules\ext\hibernate4\slf4j-api-1.6.1.jar;C:\java\NetBeans8\java\modules\ext\hibernate4\slf4j-simple-1.6.1.jar" />
    <property name="nb.native.filechooser" value="false" />
    <property name="libs.restapi.src" value="" />
    <property name="sun.management.compiler" value="HotSpot 64-Bit Tiered Compilers" />
    <property name="javac.deprecation" value="false" />
    <property name="javadoc.use" value="true" />
    <property name="sun.java2d.noddraw" value="true" />
    <property name="libs.jsp-compiler.classpath" value="C:\java\NetBeans8\enterprise\ant\extra\jspcompile.jar" />
    <property name="javac.processorpath" value="" />
    <property name="libs.hamcrest.maven-pom" value="" />
    <property name="javac.compilerargs" value="" />
    <property name="ant.file" value="E:\java\NetBeansProjects\MyCalculation\build.xml" />
    <property name="libs.beans-binding.maven-pom" value="" />
    <property name="libs.hibernate4-support.javadoc" value="C:\java\NetBeans8\java\modules\ext\docs\javax.persistence-2.1.0-doc.zip" />
    <property name="libs.jsf12.classpath" value="C:\java\NetBeans8\enterprise\modules\ext\jsf-1_2\commons-beanutils.jar;C:\java\NetBeans8\enterprise\modules\ext\jsf-1_2\commons-collections.jar;C:\java\NetBeans8\enterprise\modules\ext\jsf-1_2\commons-digester.jar;C:\java\NetBeans8\enterprise\modules\ext\jsf-1_2\commons-logging.jar;C:\java\NetBeans8\enterprise\modules\ext\jsf-1_2\jsf-api.jar;C:\java\NetBeans8\enterprise\modules\ext\jsf-1_2\jsf-impl.jar" />
    <property name="libs.Java-EE-GlassFish-v3-Prelude.classpath" value="C:\java\WebServer\glassfish5\glassfish\modules\endorsed\grizzly-npn-bootstrap.jar;C:\java\WebServer\glassfish5\glassfish\modules\endorsed\javax.annotation-api.jar;C:\java\WebServer\glassfish5\glassfish\modules\endorsed\jaxb-api.jar;C:\java\WebServer\glassfish5\glassfish\modules\endorsed\webservices-api-osgi.jar;C:\java\WebServer\glassfish5\glassfish\modules\bean-validator.jar;C:\java\WebServer\glassfish5\glassfish\modules\cdi-api.jar;C:\java\WebServer\glassfish5\glassfish\modules\javax.batch-api.jar;C:\java\WebServer\glassfish5\glassfish\modules\javax.ejb-api.jar;C:\java\WebServer\glassfish5\glassfish\modules\javax.el.jar;C:\java\WebServer\glassfish5\glassfish\modules\javax.enterprise.concurrent-api.jar;C:\java\WebServer\glassfish5\glassfish\modules\javax.enterprise.concurrent.jar;C:\java\WebServer\glassfish5\glassfish\modules\javax.enterprise.deploy-api.jar;C:\java\WebServer\glassfish5\glassfish\modules\javax.faces.jar;C:\java\WebServer\glassfish5\glassfish\modules\javax.inject.jar;C:\java\WebServer\glassfish5\glassfish\modules\javax.interceptor-api.jar;C:\java\WebServer\glassfish5\glassfish\modules\javax.jms-api.jar;C:\java\WebServer\glassfish5\glassfish\modules\javax.json.bind-api.jar;C:\java\WebServer\glassfish5\glassfish\modules\javax.json.jar;C:\java\WebServer\glassfish5\glassfish\modules\javax.mail.jar;C:\java\WebServer\glassfish5\glassfish\modules\javax.management.j2ee-api.jar;C:\java\WebServer\glassfish5\glassfish\modules\javax.persistence.jar;C:\java\WebServer\glassfish5\glassfish\modules\javax.resource-api.jar;C:\java\WebServer\glassfish5\glassfish\modules\javax.security.auth.message-api.jar;C:\java\WebServer\glassfish5\glassfish\modules\javax.security.enterprise-api.jar;C:\java\WebServer\glassfish5\glassfish\modules\javax.security.enterprise.jar;C:\java\WebServer\glassfish5\glassfish\modules\javax.security.jacc-api.jar;C:\java\WebServer\glassfish5\glassfish\modules\javax.servlet-api.jar;C:\java\WebServer\glassfish5\glassfish\modules\javax.servlet.jsp-api.jar;C:\java\WebServer\glassfish5\glassfish\modules\javax.servlet.jsp.jar;C:\java\WebServer\glassfish5\glassfish\modules\javax.servlet.jsp.jstl-api.jar;C:\java\WebServer\glassfish5\glassfish\modules\javax.servlet.jsp.jstl.jar;C:\java\WebServer\glassfish5\glassfish\modules\javax.transaction-api.jar;C:\java\WebServer\glassfish5\glassfish\modules\javax.websocket-api.jar;C:\java\WebServer\glassfish5\glassfish\modules\javax.ws.rs-api.jar;C:\java\WebServer\glassfish5\glassfish\modules\javax.xml.registry-api.jar;C:\java\WebServer\glassfish5\glassfish\modules\javax.xml.rpc-api.jar;C:\java\WebServer\glassfish5\glassfish\modules\jaxb-osgi.jar;C:\java\WebServer\glassfish5\glassfish\modules\webservices-osgi.jar;C:\java\WebServer\glassfish5\glassfish\modules\weld-osgi-bundle.jar;C:\java\WebServer\glassfish5\mq\lib\jaxm-api.jar" />
    <property name="libs.jstl.maven-pom" value="" />
    <property name="libs.restapi.maven-pom" value="" />
    <property name="libs.beans-binding.src" value="" />
    <property name="java.vm.specification.vendor" value="Oracle Corporation" />
    <property name="libs.swing-layout.src" value="C:\java\NetBeans8\platform\docs\swing-layout-1.0.4-src.zip" />
    <property name="org.openide.major.version" value="IDE/1" />
    <property name="java.vm.name" value="Java HotSpot(TM) 64-Bit Server VM" />
    <property name="netbeans.user" value="C:\Users\Administrator\AppData\Roaming\NetBeans\8.2" />
    <property name="javadoc.additionalparam" value="" />
    <property name="java.io.tmpdir" value="C:\Users\ADMINI~1\AppData\Local\Temp\" />
    <property name="java.vendor.url" value="http://java.oracle.com/" />
    <property name="endorsed.classpath.cmd.line.arg" value="" />
    <property name="jna.loaded" value="true" />
    <property name="junit.available" value="true" />
    <property name="libs.jsp-compiler.src" value="" />
    <property name="org.openide.awt.ActionReference.completion" value="org.netbeans.modules.apisupport.project.layers.PathCompletions" />
    <property name="ant.file.type.MyCalculation" value="file" />
    <property name="sun.boot.library.path" value="C:\java\jdk1.8.0_74\jre\bin" />
    <property name="have.sources" value="true" />
    <property name="libs.hamcrest.javadoc" value="" />
    <property name="debug.classpath" value=":build/classes" />
    <property name="javac.external.vm" value="true" />
    <property name="javadoc.private" value="false" />
    <property name="test.src.dir" value="test" />
    <property name="libs.jsf20.classpath" value="C:\java\NetBeans8\enterprise\modules\ext\jsf-2_2\javax.faces.jar" />
    <property name="ap.processors.internal" value="" />
    <property name="meta.inf.dir" value="src/META-INF" />
    <property name="javadoc.encoding.used" value="UTF-8" />
    <property name="dist.jar" value="dist/MyCalculation.jar" />
    <property name="libs.spring-framework400.maven-pom" value="" />
    <property name="java.runtime.name" value="Java(TM) SE Runtime Environment" />
    <property name="ant.project.name" value="MyCalculation" />
    <property name="netbeans.hash.code" value="unique=NB_EXTIDE_GFMOD_JAVA_TOMCAT_WEBCOMMON_WEBEE08dec4903-a026-4d08-9514-8209ccbae347_2be2f966-a013-4927-928c-a9b8f810a59a" />
    <property name="netbeans.default_userdir_root" value="C:\Users\Administrator\AppData\Roaming\NetBeans" />
    <property name="libs.jsp-compilation-syscp.maven-pom" value="" />
    <property name="sun.cpu.isalist" value="amd64" />
    <property name="libs.spring-framework400.javadoc" value="" />
    <property name="libs.CopyLibs.javadoc" value="" />
    <property name="org.openide.specification.version" value="6.2" />
    <property name="user.home" value="C:\Users\Administrator" />
    <property name="annotation.processing.processors.list" value="" />
    <property name="libs.primefaces.maven-pom" value="" />
    <property name="debug-args-line" value="-Xdebug" />
    <property name="libs.javaee-api-6.0.maven-pom" value="" />
    <property name="libs.JWSAntTasks.src" value="" />
    <property name="jar.index" value="false" />
    <property name="libs.CopyLibs.maven-pom" value="" />
    <property name="libs.spring-framework300.javadoc" value="" />
    <property name="libs.absolutelayout.javadoc" value="" />
    <property name="java.specification.name" value="Java Platform API Specification" />
    <property name="do.archive+main.class.available" value="true" />
    <property name="java.specification.vendor" value="Oracle Corporation" />
    <property name="libs.javac-api.classpath" value="C:\java\NetBeans8\java\modules\ext\nb-javac-api.jar" />
    <property name="java.version" value="1.8.0_74" />
    <property name="run.jvmargs.ide" value="" />
    <property name="javadoc.version" value="false" />
    <property name="libs.MySQLDriver.javadoc" value="" />
    <property name="org.openide.version" value="deprecated" />
    <property name="platform.java" value="C:\java\jdk1.8.0_74\jre/bin/java" />
    <property name="source.encoding" value="UTF-8" />
    <property name="ap.cmd.line.internal" value="" />
    <property name="libs.eclipselinkmodelgen.maven-pom" value="" />
    <property name="libs.jsp-compilation-syscp.javadoc" value="" />
    <property name="libs.eclipselinkmodelgen.javadoc" value="" />
    <property name="libs.javaee-endorsed-api-7.0.classpath" value="C:\java\NetBeans8\enterprise\modules\ext\javaee7-endorsed\javax.annotation-api.jar;C:\java\NetBeans8\enterprise\modules\ext\javaee7-endorsed\javax.xml.soap-api.jar;C:\java\NetBeans8\enterprise\modules\ext\javaee7-endorsed\jaxb-api-osgi.jar;C:\java\NetBeans8\enterprise\modules\ext\javaee7-endorsed\jaxws-api.jar;C:\java\NetBeans8\enterprise\modules\ext\javaee7-endorsed\jsr181-api.jar" />
    <property name="libs.metro.javadoc" value="C:\java\NetBeans8\enterprise\docs\metro-1.4-doc.zip" />
    <property name="libs.struts.maven-pom" value="" />
    <property name="netbeans.home+have.tests" value="true" />
    <property name="annotation.processing.processor.options" value="" />
    <property name="libs.testng.maven-pom" value="" />
    <property name="libs.jaxb.src" value="" />
    <property name="jdk.launcher.addexports.5" value="java.management/sun.management=ALL-UNNAMED" />
    <property name="jdk.launcher.addexports.4" value="java.desktop/com.sun.java.swing.plaf.windows=ALL-UNNAMED" />
    <property name="jdk.launcher.addexports.3" value="java.desktop/sun.awt.im=ALL-UNNAMED" />
    <property name="work.dir" value="E:\java\NetBeansProjects\MyCalculation" />
    <property name="libs.jaxb.classpath" value="C:\java\NetBeans8\ide\modules\ext\jaxb\jaxb-impl.jar;C:\java\NetBeans8\ide\modules\ext\jaxb\jaxb-xjc.jar;C:\java\NetBeans8\ide\modules\ext\jaxb\jaxb1-impl.jar;C:\java\NetBeans8\ide\modules\ext\jaxb\activation.jar;C:\java\NetBeans8\ide\modules\ext\jaxb\api\jaxb-api.jar;C:\java\NetBeans8\ide\modules\ext\jaxb\api\jsr173_1.0_api.jar" />
    <property name="jdk.launcher.addexports.2" value="java.desktop/java.awt.peer=ALL-UNNAMED" />
    <property name="jdk.launcher.addexports.1" value="java.base/jdk.internal.jrtfs=ALL-UNNAMED" />
    <property name="jdk.launcher.addexports.0" value="java.desktop/sun.awt=ALL-UNNAMED" />
    <property name="do.depend" value="false" />
    <property name="dist.javadoc.dir" value="dist/javadoc" />
    <property name="libs.spring-webmvc3.0.classpath" value="C:\java\NetBeans8\java\modules\ext\spring-3.0\spring-webmvc-3.2.7.RELEASE.jar" />
    <property name="libs.swing-layout.classpath" value="C:\java\NetBeans8\platform\modules\ext\swing-layout-1.0.4.jar" />
    <property name="libs.javaee-web-api-7.0.maven-pom" value="" />
    <property name="libs.restlib.src" value="" />
    <property name="javac.source" value="1.8" />
    <property name="build.generated.dir" value="build/generated" />
    <property name="line.separator" value="&#xd;&#xa;" />
    <property name="java.specification.version" value="1.8" />
    <property name="java.vm.info" value="mixed mode" />
    <property name="libs.jaxws21.maven-pom" value="" />
    <property name="nb.junit.batch" value="true" />
    <property name="junit.forkmode" value="perTest" />
    <property name="sun.boot.class.path" value="C:\java\jdk1.8.0_74\jre\lib\resources.jar;C:\java\jdk1.8.0_74\jre\lib\rt.jar;C:\java\jdk1.8.0_74\jre\lib\sunrsasign.jar;C:\java\jdk1.8.0_74\jre\lib\jsse.jar;C:\java\jdk1.8.0_74\jre\lib\jce.jar;C:\java\jdk1.8.0_74\jre\lib\charsets.jar;C:\java\jdk1.8.0_74\jre\lib\jfr.jar;C:\java\jdk1.8.0_74\jre\classes" />
    <property name="javac.target" value="1.8" />
    <property name="built-jar.properties" value="E:\java\NetBeansProjects\MyCalculation\build\built-jar.properties" />
    <property name="build.test.classes.dir" value="build/test/classes" />
    <property name="src.dir" value="src" />
    <property name="sun.awt.keepWorkingSetOnMinimize" value="true" />
    <property name="libs.jpa2-persistence.src" value="" />
    <property name="annotation.processing.enabled" value="true" />
    <property name="libs.jsf20.src" value="" />
    <property name="libs.jpa20-persistence.src" value="" />
    <property name="libs.jsf12.src" value="" />
    <property name="libs.JAVADB_DRIVER_LABEL.maven-pom" value="" />
    <property name="libs.struts.javadoc" value="C:\java\NetBeans8\enterprise\docs\struts-1.3.10-javadoc.zip" />
    <property name="ignore.failing.tests" value="true" />
    <property name="libs.Comet-GlassFish-v3.classpath" value="" />
    <property name="libs.javaee-web-api-7.0.src" value="" />
    <property name="libs.primefaces.src" value="" />
    <property name="dist.dir" value="dist" />
    <property name="testng.debug.mode" value="" />
    <property name="javac.fork" value="true" />
    <property name="java.awt.printerjob" value="sun.awt.windows.WPrinterJob" />
    <property name="default.javac.source" value="1.8" />
    <property name="debug-transport-by-os" value="dt_shmem" />
    <property name="sun.jnu.encoding" value="GBK" />
    <property name="libs.MySQLDriver.src" value="" />
    <property name="build.test.results.dir" value="build/test/results" />
    <property name="java.runtime.version" value="1.8.0_74-b02" />
    <property name="default.javac.target" value="1.8" />
    <property name="libs.junit_4.classpath" value="C:\java\NetBeans8\platform\modules\ext\junit-4.12.jar" />
    <property name="user.timezone" value="" />
    <property name="nb.junit.single" value="false" />
    <property name="libs.javaee-endorsed-api-6.0.maven-pom" value="" />
    <property name="libs.JAVADB_DRIVER_LABEL.javadoc" value="" />
    <property name="netbeans.dirs" value="C:\java\NetBeans8\nb;C:\java\NetBeans8\ergonomics;C:\java\NetBeans8\ide;C:\java\NetBeans8\extide;C:\java\NetBeans8\java;C:\java\NetBeans8\apisupport;C:\java\NetBeans8\webcommon;C:\java\NetBeans8\websvccommon;C:\java\NetBeans8\enterprise;C:\java\NetBeans8\mobility;C:\java\NetBeans8\profiler;C:\java\NetBeans8\python;C:\java\NetBeans8\php;C:\java\NetBeans8\identity;C:\java\NetBeans8\harness;C:\java\NetBeans8\cnd;C:\java\NetBeans8\cndext;C:\java\NetBeans8\dlight;C:\java\NetBeans8\groovy;C:\java\NetBeans8\extra;C:\java\NetBeans8\javacard;C:\java\NetBeans8\javafx" />
    <property name="libs.jstl.javadoc" value="C:\java\NetBeans8\enterprise\docs\javaee-doc-api.jar" />
    <property name="libs.jsf20.javadoc" value="C:\java\NetBeans8\enterprise\docs\javaee-doc-api.jar" />
    <property name="java.ext.dirs" value="C:\java\jdk1.8.0_74\jre\lib\ext;C:\Windows\Sun\Java\lib\ext" />
    <property name="libs.metro.src" value="" />
    <property name="libs.absolutelayout.classpath" value="C:\java\NetBeans8\java\modules\ext\AbsoluteLayout.jar" />
    <property name="excludes" value="" />
    <property name="libs.metro.classpath" value="C:\java\NetBeans8\ide\modules\ext\jaxb\activation.jar;C:\java\NetBeans8\enterprise\modules\ext\metro\webservices-api.jar;C:\java\NetBeans8\enterprise\modules\ext\metro\webservices-extra-api.jar;C:\java\NetBeans8\enterprise\modules\ext\metro\webservices-extra.jar;C:\java\NetBeans8\enterprise\modules\ext\metro\webservices-rt.jar;C:\java\NetBeans8\enterprise\modules\ext\metro\webservices-tools.jar" />
    <property name="libs.restlib.maven-pom" value="" />
    <property name="libs.jpa2-persistence.javadoc" value="C:\java\NetBeans8\java\modules\ext\docs\javax.persistence-2.1.0-doc.zip" />
    <property name="java.class.path" value="E:\java\NetBeansProjects\MyCalculation\build\classes;C:\java\NetBeans8\platform\modules\ext\junit-4.12.jar;C:\java\NetBeans8\platform\modules\ext\hamcrest-core-1.3.jar;E:\java\NetBeansProjects\MyCalculation\build\test\classes;C:\java\NetBeans8\extide\ant\lib\ant-launcher.jar;C:\java\NetBeans8\extide\ant\lib\ant.jar;C:\java\NetBeans8\extide\ant\lib\ant-junit.jar;C:\java\NetBeans8\extide\ant\lib\ant-junit4.jar" />
    <property name="apple.laf.useScreenMenuBar" value="true" />
    <property name="do.mkdist" value="true" />
    <property name="libs.absolutelayout.src" value="" />
    <property name="libs.jpa20-persistence.classpath" value="C:\java\NetBeans8\java\modules\ext\eclipselink\javax.persistence_2.1.0.v201304241213.jar" />
    <property name="os.version" value="6.1" />
    <property name="application.args" value="" />
    <property name="libs.EclipseLink-GlassFish-v3.javadoc" value="C:\java\NetBeans8\enterprise\docs\javaee-doc-api.jar" />
    <property name="libs.javaee-api-7.0.maven-pom" value="" />
    <property name="main.class.available" value="true" />
    <property name="sun.awt.enableExtraMouseButtons" value="true" />
    <property name="sun.desktop" value="windows" />
    <property name="libs.hibernate4-persistence.src" value="" />
    <property name="libs.hibernate4-support.maven-pom" value="" />
    <property name="libs.Comet-GlassFish-v3.src" value="" />
    <property name="libs.restlib.javadoc" value="" />
    <property name="libs.JAXB-ENDORSED.classpath" value="C:\java\NetBeans8\ide\modules\ext\jaxb\api\jaxb-api.jar" />
    <property name="nb.internal.action.name" value="test" />
    <property name="libs.javaee-api-7.0.javadoc" value="C:\java\NetBeans8\enterprise\docs\javaee-doc-api.jar" />
    <property name="libs.eclipselink.classpath" value="C:\java\NetBeans8\java\modules\ext\eclipselink\eclipselink.jar;C:\java\NetBeans8\java\modules\ext\eclipselink\javax.persistence_2.1.0.v201304241213.jar;C:\java\NetBeans8\java\modules\ext\eclipselink\org.eclipse.persistence.jpa.jpql_2.5.2.v20140319-9ad6abd.jar" />
    <property name="java.awt.graphicsenv" value="sun.awt.Win32GraphicsEnvironment" />
    <property name="libs.beans-binding.javadoc" value="C:\java\NetBeans8\java\docs\beansbinding-1.2.1-doc.zip" />
    <property name="java.vm.vendor" value="Oracle Corporation" />
    <property name="libs.CopyLibs.classpath" value="C:\java\NetBeans8\java\ant\extra\org-netbeans-modules-java-j2seproject-copylibstask.jar" />
    <property name="libs.spring-framework300.classpath" value="C:\java\NetBeans8\ide\modules\org-apache-commons-logging.jar;C:\java\NetBeans8\java\modules\ext\cglib-2.2.jar;C:\java\NetBeans8\java\modules\ext\spring-3.0\spring-aop-3.2.7.RELEASE.jar;C:\java\NetBeans8\java\modules\ext\spring-3.0\spring-aspects-3.2.7.RELEASE.jar;C:\java\NetBeans8\java\modules\ext\spring-3.0\spring-beans-3.2.7.RELEASE.jar;C:\java\NetBeans8\java\modules\ext\spring-3.0\spring-build-src-3.2.7.RELEASE.jar;C:\java\NetBeans8\java\modules\ext\spring-3.0\spring-context-3.2.7.RELEASE.jar;C:\java\NetBeans8\java\modules\ext\spring-3.0\spring-context-support-3.2.7.RELEASE.jar;C:\java\NetBeans8\java\modules\ext\spring-3.0\spring-core-3.2.7.RELEASE.jar;C:\java\NetBeans8\java\modules\ext\spring-3.0\spring-expression-3.2.7.RELEASE.jar;C:\java\NetBeans8\java\modules\ext\spring-3.0\spring-framework-bom-3.2.7.RELEASE.jar;C:\java\NetBeans8\java\modules\ext\spring-3.0\spring-instrument-3.2.7.RELEASE.jar;C:\java\NetBeans8\java\modules\ext\spring-3.0\spring-instrument-tomcat-3.2.7.RELEASE.jar;C:\java\NetBeans8\java\modules\ext\spring-3.0\spring-jdbc-3.2.7.RELEASE.jar;C:\java\NetBeans8\java\modules\ext\spring-3.0\spring-jms-3.2.7.RELEASE.jar;C:\java\NetBeans8\java\modules\ext\spring-3.0\spring-orm-3.2.7.RELEASE.jar;C:\java\NetBeans8\java\modules\ext\spring-3.0\spring-oxm-3.2.7.RELEASE.jar;C:\java\NetBeans8\java\modules\ext\spring-3.0\spring-struts-3.2.7.RELEASE.jar;C:\java\NetBeans8\java\modules\ext\spring-3.0\spring-test-3.2.7.RELEASE.jar;C:\java\NetBeans8\java\modules\ext\spring-3.0\spring-tx-3.2.7.RELEASE.jar;C:\java\NetBeans8\java\modules\ext\spring-3.0\spring-web-3.2.7.RELEASE.jar;C:\java\NetBeans8\java\modules\ext\spring-3.0\spring-webmvc-3.2.7.RELEASE.jar;C:\java\NetBeans8\java\modules\ext\spring-3.0\spring-webmvc-portlet-3.2.7.RELEASE.jar" />
    <property name="libs.jsp-compiler.maven-pom" value="" />
    <property name="libs.hamcrest.src" value="" />
    <property name="run.jvmargs" value="" />
    <property name="libs.hibernate4-persistence.classpath" value="C:\java\NetBeans8\java\modules\ext\hibernate4\antlr-2.7.7.jar;C:\java\NetBeans8\java\modules\ext\hibernate4\c3p0-0.9.2.1.jar;C:\java\NetBeans8\java\modules\ext\hibernate4\hibernate-c3p0-4.3.1.Final.jar;C:\java\NetBeans8\java\modules\ext\hibernate4\mchange-commons-java-0.2.3.4.jar;C:\java\NetBeans8\java\modules\ext\hibernate4\dom4j-1.6.1.jar;C:\java\NetBeans8\java\modules\ext\hibernate4\ehcache-core-2.4.3.jar;C:\java\NetBeans8\java\modules\ext\hibernate4\hibernate-ehcache-4.3.1.Final.jar;C:\java\NetBeans8\java\modules\ext\hibernate4\hibernate-core-4.3.1.Final.jar;C:\java\NetBeans8\java\modules\ext\hibernate4\jboss-logging-3.1.3.GA.jar;C:\java\NetBeans8\java\modules\ext\hibernate4\hibernate-commons-annotations-4.0.4.Final.jar;C:\java\NetBeans8\java\modules\ext\hibernate4\hibernate-entitymanager-4.3.1.Final.jar;C:\java\NetBeans8\java\modules\ext\hibernate4\javassist-3.18.1-GA.jar;C:\java\NetBeans8\java\modules\ext\hibernate4\jboss-transaction-api_1.2_spec-1.0.0.Final.jar;C:\java\NetBeans8\java\modules\ext\hibernate4\slf4j-api-1.6.1.jar;C:\java\NetBeans8\java\modules\ext\hibernate4\slf4j-simple-1.6.1.jar;C:\java\NetBeans8\java\modules\ext\hibernate4\hibernate-jpa-2.1-api-1.0.0.Final.jar" />
    <property name="libs.JAXB-ENDORSED.src" value="" />
    <property name="dist.archive.excludes" value="" />
    <property name="libs.testng.javadoc" value="C:\java\NetBeans8\platform\docs\testng-6.8.1-javadoc.zip" />
    <property name="user.script" value="" />
    <property name="libs.PostgreSQLDriver.classpath" value="C:\java\NetBeans8\ide\modules\ext\postgresql-9.4.1209.jar" />
    <property name="libs.jsf12.maven-pom" value="" />
    <property name="libs.hibernate4-persistencemodelgen.classpath" value="C:\java\NetBeans8\java\modules\ext\hibernate4\hibernate-jpamodelgen-4.3.1.Final.jar" />
    <property name="annotation.processing.source.output" value="build/generated-sources/ap-source-output" />
    <property name="main.class" value="calculator.MyCalculation" />
    <property name="libs.CopyLibs.src" value="" />
    <property name="build.dir" value="build" />
    <property name="libs.jsp-compilation.classpath" value="C:\java\NetBeans8\extide\ant\lib\ant.jar;C:\java\NetBeans8\enterprise\modules\ext\servlet3.1-jsp2.3-api.jar;C:\java\NetBeans8\enterprise\modules\ext\glassfish-jspparser-4.0.jar;C:\java\NetBeans8\enterprise\modules\ext\jsf-2_2\javax.faces.jar;C:\java\NetBeans8\enterprise\modules\ext\jstl-api.jar;C:\java\NetBeans8\extide\ant\lib\ant-launcher.jar" />
    <property name="ant.version" value="Apache Ant(TM) version 1.9.7 compiled on April 9 2016" />
    <property name="build.classes.excludes" value="**/*.java,**/*.form" />
    <property name="file.encoding" value="GBK" />
    <property name="jdkBug6558476" value="false" />
    <property name="javadoc.nonavbar" value="false" />
    <property name="libs.spring-webmvc4.0.classpath" value="C:\java\NetBeans8\java\modules\ext\spring-4\spring-webmvc-4.0.1.RELEASE.jar" />
    <property name="platform.active" value="default_platform" />
    <property name="awt.toolkit" value="sun.awt.windows.WToolkit" />
    <property name="libs.javaee-web-api-7.0.javadoc" value="C:\java\NetBeans8\enterprise\docs\javaee-doc-api.jar" />
  </properties>
  <testcase classname="calculator.DivisionTest" name="testExecute" time="0.001" />
  <testcase classname="calculator.DivisionTest" name="testExecuteDivideByZero" time="0.0" />
  <testcase classname="calculator.DivisionTest" name="testGetOperator" time="0.0" />
  <system-out><![CDATA[]]></system-out>
  <system-err><![CDATA[]]></system-err>
</testsuite>
